c:\users\krzyś\documents\visual studio 2015\projects\gra_w_statki\gra_w_statki\debug\vc140.pdb
c:\users\krzyś\documents\visual studio 2015\projects\gra_w_statki\gra_w_statki\debug\vc140.idb
c:\users\krzyś\documents\visual studio 2015\projects\gra_w_statki\gra_w_statki\debug\artificial_inteligence.obj
c:\users\krzyś\documents\visual studio 2015\projects\gra_w_statki\gra_w_statki\debug\gra.obj
c:\users\krzyś\documents\visual studio 2015\projects\gra_w_statki\gra_w_statki\debug\kratka.obj
c:\users\krzyś\documents\visual studio 2015\projects\gra_w_statki\gra_w_statki\debug\main.obj
c:\users\krzyś\documents\visual studio 2015\projects\gra_w_statki\gra_w_statki\debug\menu.obj
c:\users\krzyś\documents\visual studio 2015\projects\gra_w_statki\gra_w_statki\debug\odszyfrowywanie.obj
c:\users\krzyś\documents\visual studio 2015\projects\gra_w_statki\gra_w_statki\debug\plansza.obj
c:\users\krzyś\documents\visual studio 2015\projects\gra_w_statki\gra_w_statki\debug\przycisk.obj
c:\users\krzyś\documents\visual studio 2015\projects\gra_w_statki\gra_w_statki\debug\przycisk_img.obj
c:\users\krzyś\documents\visual studio 2015\projects\gra_w_statki\gra_w_statki\debug\przycisk_txt.obj
c:\users\krzyś\documents\visual studio 2015\projects\gra_w_statki\gra_w_statki\debug\silnik.obj
c:\users\krzyś\documents\visual studio 2015\projects\gra_w_statki\gra_w_statki\debug\statystyka.obj
c:\users\krzyś\documents\visual studio 2015\projects\gra_w_statki\gra_w_statki\debug\wspolrzedna.obj
c:\users\krzyś\documents\visual studio 2015\projects\gra_w_statki\gra_w_statki\debug\zaloga_statku.obj
c:\users\krzyś\documents\visual studio 2015\projects\gra_w_statki\debug\gra_w_statki.ilk
c:\users\krzyś\documents\visual studio 2015\projects\gra_w_statki\debug\gra_w_statki.exe
c:\users\krzyś\documents\visual studio 2015\projects\gra_w_statki\debug\gra_w_statki.pdb
c:\users\krzyś\documents\visual studio 2015\projects\gra_w_statki\gra_w_statki\debug\gra_w_statki.tlog\cl.command.1.tlog
c:\users\krzyś\documents\visual studio 2015\projects\gra_w_statki\gra_w_statki\debug\gra_w_statki.tlog\cl.read.1.tlog
c:\users\krzyś\documents\visual studio 2015\projects\gra_w_statki\gra_w_statki\debug\gra_w_statki.tlog\cl.write.1.tlog
c:\users\krzyś\documents\visual studio 2015\projects\gra_w_statki\gra_w_statki\debug\gra_w_statki.tlog\link.command.1.tlog
c:\users\krzyś\documents\visual studio 2015\projects\gra_w_statki\gra_w_statki\debug\gra_w_statki.tlog\link.read.1.tlog
c:\users\krzyś\documents\visual studio 2015\projects\gra_w_statki\gra_w_statki\debug\gra_w_statki.tlog\link.write.1.tlog
