Build started 2015-11-23 21:34:51.
     1>Project "C:\Users\krzyś\documents\visual studio 2015\Projects\Gra_w_statki\Gra_w_statki\Gra_w_statki.vcxproj" on node 2 (Build target(s)).
     1>ClCompile:
         C:\Program Files (x86)\Microsoft Visual Studio 14.0\VC\bin\CL.exe /c /I"C:\Users\krzyś\Documents\Visual Studio 2015\Projects\Gra_w_statki\allegro-5.0.10-msvc-11.0\include" /ZI /nologo /W3 /WX- /sdl /Od /Oy- /D _MBCS /Gm /EHsc /RTC1 /MTd /GS /fp:precise /Zc:wchar_t /Zc:forScope /Zc:inline /Fo"Debug\\" /Fd"Debug\vc140.pdb" /Gd /TP /analyze- /errorReport:prompt main.cpp
         main.cpp
       Link:
         C:\Program Files (x86)\Microsoft Visual Studio 14.0\VC\bin\link.exe /ERRORREPORT:PROMPT /OUT:"C:\Users\krzyś\documents\visual studio 2015\Projects\Gra_w_statki\Debug\Gra_w_statki.exe" /INCREMENTAL /NOLOGO /LIBPATH:"C:\Users\krzyś\Documents\Visual Studio 2015\Projects\Gra_w_statki\allegro-5.0.10-msvc-11.0\lib" "allegro-5.0.10-monolith-md-debug.lib" kernel32.lib user32.lib gdi32.lib winspool.lib comdlg32.lib advapi32.lib shell32.lib ole32.lib oleaut32.lib uuid.lib odbc32.lib odbccp32.lib /MANIFEST /MANIFESTUAC:"level='asInvoker' uiAccess='false'" /manifest:embed /Debug /PDB:"C:\Users\krzyś\documents\visual studio 2015\Projects\Gra_w_statki\Debug\Gra_w_statki.pdb" /TLBID:1 /DYNAMICBASE /NXCOMPAT /IMPLIB:"C:\Users\krzyś\documents\visual studio 2015\Projects\Gra_w_statki\Debug\Gra_w_statki.lib" /MACHINE:X86 Debug\Artificial_Inteligence.obj
         Debug\gra.obj
         Debug\kratka.obj
         Debug\main.obj
         Debug\menu.obj
         Debug\odszyfrowywanie.obj
         Debug\plansza.obj
         Debug\przycisk.obj
         Debug\przycisk_img.obj
         Debug\przycisk_txt.obj
         Debug\Silnik.obj
         Debug\statystyka.obj
         Debug\wspolrzedna.obj
         Debug\zaloga_statku.obj
         LINK : C:\Users\krzyś\documents\visual studio 2015\Projects\Gra_w_statki\Debug\Gra_w_statki.exe not found or not built by the last incremental link; performing full link
         Gra_w_statki.vcxproj -> C:\Users\krzyś\documents\visual studio 2015\Projects\Gra_w_statki\Debug\Gra_w_statki.exe
     1>Done Building Project "C:\Users\krzyś\documents\visual studio 2015\Projects\Gra_w_statki\Gra_w_statki\Gra_w_statki.vcxproj" (Build target(s)).

Build succeeded.

Time Elapsed 00:00:02.12
