c:\users\krzyś\documents\visual studio 2015\projects\gra_w_statki\gra_w_statki\release\vc140.pdb
c:\users\krzyś\documents\visual studio 2015\projects\gra_w_statki\gra_w_statki\release\wspolrzedna.obj
c:\users\krzyś\documents\visual studio 2015\projects\gra_w_statki\gra_w_statki\release\przycisk.obj
c:\users\krzyś\documents\visual studio 2015\projects\gra_w_statki\gra_w_statki\release\main.obj
c:\users\krzyś\documents\visual studio 2015\projects\gra_w_statki\gra_w_statki\release\zaloga_statku.obj
c:\users\krzyś\documents\visual studio 2015\projects\gra_w_statki\gra_w_statki\release\statystyka.obj
c:\users\krzyś\documents\visual studio 2015\projects\gra_w_statki\gra_w_statki\release\statek.obj
c:\users\krzyś\documents\visual studio 2015\projects\gra_w_statki\gra_w_statki\release\silnik.obj
c:\users\krzyś\documents\visual studio 2015\projects\gra_w_statki\gra_w_statki\release\przycisk_txt.obj
c:\users\krzyś\documents\visual studio 2015\projects\gra_w_statki\gra_w_statki\release\przycisk_img.obj
c:\users\krzyś\documents\visual studio 2015\projects\gra_w_statki\gra_w_statki\release\kratka.obj
c:\users\krzyś\documents\visual studio 2015\projects\gra_w_statki\gra_w_statki\release\plansza.obj
c:\users\krzyś\documents\visual studio 2015\projects\gra_w_statki\gra_w_statki\release\odszyfrowywanie.obj
c:\users\krzyś\documents\visual studio 2015\projects\gra_w_statki\gra_w_statki\release\menu.obj
c:\users\krzyś\documents\visual studio 2015\projects\gra_w_statki\gra_w_statki\release\gra.obj
c:\users\krzyś\documents\visual studio 2015\projects\gra_w_statki\gra_w_statki\release\artificial_inteligence.obj
c:\users\krzyś\documents\visual studio 2015\projects\gra_w_statki\gra_w_statki\release\gra_w_statki.tlog\cl.command.1.tlog
c:\users\krzyś\documents\visual studio 2015\projects\gra_w_statki\gra_w_statki\release\gra_w_statki.tlog\cl.read.1.tlog
c:\users\krzyś\documents\visual studio 2015\projects\gra_w_statki\gra_w_statki\release\gra_w_statki.tlog\cl.write.1.tlog
c:\users\krzyś\documents\visual studio 2015\projects\gra_w_statki\gra_w_statki\release\gra_w_statki.tlog\link.command.1.tlog
c:\users\krzyś\documents\visual studio 2015\projects\gra_w_statki\gra_w_statki\release\gra_w_statki.tlog\link.read.1.tlog
c:\users\krzyś\documents\visual studio 2015\projects\gra_w_statki\gra_w_statki\release\gra_w_statki.tlog\link.write.1.tlog
